0 info it worked if it ends with ok
1 verbose cli [ 'D:\\soft\\PSModules\\nvm\\vs\\v7.0.0\\node.exe',
1 verbose cli   'D:\\soft\\PSModules\\nvm\\vs\\v7.0.0\\node_modules\\npm\\bin\\npm-cli.js',
1 verbose cli   'run',
1 verbose cli   'compile' ]
2 info using npm@3.10.8
3 info using node@v7.0.0
4 verbose run-script [ 'precompile', 'compile', 'postcompile' ]
5 info lifecycle @~precompile: @
6 silly lifecycle @~precompile: no script for precompile, continuing
7 info lifecycle @~compile: @
8 verbose lifecycle @~compile: unsafe-perm in lifecycle true
9 verbose lifecycle @~compile: PATH: D:\soft\PSModules\nvm\vs\v7.0.0\node_modules\npm\bin\node-gyp-bin;D:\proiecte\f#\minesw\node_modules\.bin;D:\soft\PSModules\nvm\vs\v7.0.0;D:\soft\cmder\bin;D:\soft\cmder\vendor\conemu-maximus5\ConEmu\Scripts;D:\soft\cmder\vendor\conemu-maximus5;D:\soft\cmder\vendor\conemu-maximus5\ConEmu;C:\ProgramData\Oracle\Java\javapath;C:\Program Files\Haskell\bin;C:\Program Files\Haskell Platform\8.0.1\lib\extralibs\bin;C:\Program Files\Haskell Platform\8.0.1\bin;C:\Windows\system32;C:\Windows;C:\Windows\System32\Wbem;C:\Windows\System32\WindowsPowerShell\v1.0\;C:\Program Files (x86)\Heroku\bin;C:\Program Files\Microsoft SQL Server\110\Tools\Binn\;C:\MinGW\bin;C:\Program Files\Microsoft Windows Performance Toolkit\;C:\ProgramData\chocolatey\bin;C:\Windows\System32\WindowsPowerShell\v1.0\;C:\Program Files (x86)\Calibre2\;C:\Program Files\Git\cmd;C:\Program Files (x86)\GitExtensions\;C:\Program Files (x86)\Brackets\command;C:\Program Files (x86)\Microsoft SDKs\F#\4.0\Framework\v4.0\;C:\Program Files\erl7.2.1\bin;C:\Program Files\Haskell Platform\8.0.1\mingw\bin;C:\Program Files (x86)\Microsoft SQL Server\Client SDK\ODBC\130\Tools\Binn\;C:\Program Files (x86)\Microsoft SQL Server\130\Tools\Binn\;C:\Program Files (x86)\Microsoft SQL Server\130\DTS\Binn\;C:\Program Files (x86)\Microsoft SQL Server\130\Tools\Binn\ManagementStudio\;C:\Program Files (x86)\QuickTime\QTSystem\;C:\Program Files\dotnet\;D:\Users\adrian_cirstei\AppData\Roaming\cabal\bin;D:\Users\adrian_cirstei\AppData\Roaming\local\bin;C:\Program Files (x86)\Elm Platform\0.17.1\bin;D:\soft\Elm Platform\0.17\0.17.1\bin;D:\soft\Elm Platform\0.17\bin;D:\Users\adrian_cirstei\AppData\Local\scoop\shims;c:\python27;C:\Program Files (x86)\Google\google_appengine\;D:\Users\adrian_cirstei\AppData\Local\atom\bin;C:\Program Files (x86)\Microsoft VS Code\bin;d:\soft\psc-ide\bin;D:\soft\tools;D:\soft\cmder;D:\soft\fix\bin;D:\soft\forge\bin;D:\soft\Exercism;C:\Program Files\Haskell Platform\8.0.1\mingw\bin;C:\Program Files\Haskell Platform\8.0.1\msys\usr\bin;C:\Program Files\dotnet;C:\Python27\Scripts;D:\soft\cmder
10 verbose lifecycle @~compile: CWD: D:\proiecte\f#\minesw
11 silly lifecycle @~compile: Args: [ '/d /s /c', 'fable MineSweeper.fsx' ]
12 silly lifecycle @~compile: Returned: code: 1  signal: null
13 info lifecycle @~compile: Failed to exec compile script
14 verbose stack Error: @ compile: `fable MineSweeper.fsx`
14 verbose stack Exit status 1
14 verbose stack     at EventEmitter.<anonymous> (D:\soft\PSModules\nvm\vs\v7.0.0\node_modules\npm\lib\utils\lifecycle.js:255:16)
14 verbose stack     at emitTwo (events.js:106:13)
14 verbose stack     at EventEmitter.emit (events.js:191:7)
14 verbose stack     at ChildProcess.<anonymous> (D:\soft\PSModules\nvm\vs\v7.0.0\node_modules\npm\lib\utils\spawn.js:40:14)
14 verbose stack     at emitTwo (events.js:106:13)
14 verbose stack     at ChildProcess.emit (events.js:191:7)
14 verbose stack     at maybeClose (internal/child_process.js:877:16)
14 verbose stack     at Process.ChildProcess._handle.onexit (internal/child_process.js:226:5)
15 verbose pkgid @
16 verbose cwd D:\proiecte\f#\minesw
17 error Windows_NT 6.1.7601
18 error argv "D:\\soft\\PSModules\\nvm\\vs\\v7.0.0\\node.exe" "D:\\soft\\PSModules\\nvm\\vs\\v7.0.0\\node_modules\\npm\\bin\\npm-cli.js" "run" "compile"
19 error node v7.0.0
20 error npm  v3.10.8
21 error code ELIFECYCLE
22 error @ compile: `fable MineSweeper.fsx`
22 error Exit status 1
23 error Failed at the @ compile script 'fable MineSweeper.fsx'.
23 error Make sure you have the latest version of node.js and npm installed.
23 error If you do, this is most likely a problem with the  package,
23 error not with npm itself.
23 error Tell the author that this fails on your system:
23 error     fable MineSweeper.fsx
23 error You can get information on how to open an issue for this project with:
23 error     npm bugs
23 error Or if that isn't available, you can get their info via:
23 error     npm owner ls
23 error There is likely additional logging output above.
24 verbose exit [ 1, true ]
